<?xml version="1.0" encoding="UTF-8"?>
<!-- Generated by org.testng.reporters.JUnitReportReporter -->
<testsuite skipped="0" hostname="LAPTOP-T6OJV50P" name="Grid4TestNG" tests="2" failures="0" timestamp="2022-04-03T07:07:13 MSK" time="15.065" errors="0">
  <testcase name="test2" time="4.778" classname="Grid4TestNG"/>
  <system-out/>
  <testcase name="test1" time="10.287" classname="Grid4TestNG"/>
  <system-out/>
</testsuite> <!-- Grid4TestNG -->
